{
  "RSpec": {
    "coverage": {
      "/home/tomosia/Desktop/VuMinhHieu_InternRubyHaNoi/finall_project/spec/models/category_spec.rb": {
        "lines": [
          null,
          null,
          1,
          null,
          1,
          null,
          1,
          1,
          1,
          1,
          null,
          null,
          null
        ]
      },
      "/home/tomosia/Desktop/VuMinhHieu_InternRubyHaNoi/finall_project/spec/rails_helper.rb": {
        "lines": [
          null,
          1,
          1,
          1,
          null,
          1,
          1,
          null,
          null,
          null,
          null,
          null,
          null,
          null,
          null,
          null,
          null,
          null,
          null,
          null,
          null,
          null,
          null,
          null,
          null,
          null,
          null,
          1,
          null,
          0,
          null,
          null,
          2,
          1,
          1,
          null,
          1,
          null,
          null,
          null,
          null,
          1,
          null,
          null,
          null,
          null,
          null,
          null,
          null,
          null,
          null,
          null,
          null,
          null,
          null,
          null,
          null,
          null,
          null,
          1,
          null,
          null,
          1,
          null,
          null,
          1,
          1,
          null
        ]
      },
      "/home/tomosia/Desktop/VuMinhHieu_InternRubyHaNoi/finall_project/config/environment.rb": {
        "lines": [
          null,
          1,
          null,
          null,
          1,
          null,
          null
        ]
      },
      "/home/tomosia/Desktop/VuMinhHieu_InternRubyHaNoi/finall_project/config/application.rb": {
        "lines": [
          1,
          null,
          1,
          null,
          null,
          null,
          1,
          null,
          1,
          1,
          null,
          1,
          null,
          null,
          null,
          null,
          null,
          null,
          null,
          1,
          1,
          null,
          null,
          null
        ]
      },
      "/home/tomosia/Desktop/VuMinhHieu_InternRubyHaNoi/finall_project/config/boot.rb": {
        "lines": [
          1,
          null,
          1,
          1
        ]
      },
      "/home/tomosia/Desktop/VuMinhHieu_InternRubyHaNoi/finall_project/config/environments/test.rb": {
        "lines": [
          1,
          null,
          null,
          null,
          null,
          null,
          null,
          1,
          null,
          null,
          null,
          1,
          null,
          null,
          null,
          null,
          1,
          null,
          null,
          1,
          1,
          null,
          null,
          null,
          null,
          1,
          1,
          1,
          null,
          null,
          1,
          null,
          null,
          1,
          null,
          null,
          1,
          null,
          1,
          null,
          null,
          null,
          null,
          1,
          null,
          null,
          1,
          null,
          null,
          1,
          null,
          null,
          1,
          null,
          null,
          null,
          null,
          null,
          null,
          null
        ]
      },
      "/home/tomosia/Desktop/VuMinhHieu_InternRubyHaNoi/finall_project/config/initializers/assets.rb": {
        "lines": [
          null,
          null,
          null,
          1,
          null,
          null,
          null,
          null,
          null,
          null,
          null,
          null,
          1
        ]
      },
      "/home/tomosia/Desktop/VuMinhHieu_InternRubyHaNoi/finall_project/config/initializers/content_security_policy.rb": {
        "lines": [
          null,
          null,
          null,
          null,
          null,
          null,
          null,
          null,
          null,
          null,
          null,
          null,
          null,
          null,
          null,
          null,
          null,
          null,
          null,
          null,
          null,
          null,
          null,
          null,
          null
        ]
      },
      "/home/tomosia/Desktop/VuMinhHieu_InternRubyHaNoi/finall_project/config/initializers/filter_parameter_logging.rb": {
        "lines": [
          null,
          null,
          null,
          null,
          null,
          1,
          null,
          null
        ]
      },
      "/home/tomosia/Desktop/VuMinhHieu_InternRubyHaNoi/finall_project/config/initializers/inflections.rb": {
        "lines": [
          null,
          null,
          null,
          null,
          null,
          null,
          null,
          null,
          null,
          null,
          null,
          null,
          null,
          null,
          null,
          null
        ]
      },
      "/home/tomosia/Desktop/VuMinhHieu_InternRubyHaNoi/finall_project/config/initializers/permissions_policy.rb": {
        "lines": [
          null,
          null,
          null,
          null,
          null,
          null,
          null,
          null,
          null,
          null,
          null
        ]
      },
      "/home/tomosia/Desktop/VuMinhHieu_InternRubyHaNoi/finall_project/spec/factories/thanks_cards.rb": {
        "lines": [
          1,
          1,
          41,
          41,
          41,
          41,
          41,
          41,
          37,
          null,
          null,
          1,
          18,
          null,
          null,
          1,
          13,
          13,
          13,
          1,
          1,
          null,
          null,
          1,
          1,
          1,
          null,
          null,
          1,
          2,
          1,
          1,
          null,
          null
        ]
      },
      "/home/tomosia/Desktop/VuMinhHieu_InternRubyHaNoi/finall_project/config/routes.rb": {
        "lines": [
          1,
          1,
          1,
          1,
          1,
          1,
          1,
          1,
          1,
          1,
          1,
          1,
          1,
          null,
          null,
          null,
          null,
          null,
          1,
          1,
          1,
          1,
          1,
          null
        ]
      },
      "/home/tomosia/Desktop/VuMinhHieu_InternRubyHaNoi/finall_project/app/helpers/account_activations_helper.rb": {
        "lines": [
          null,
          null,
          null,
          1,
          null
        ]
      },
      "/home/tomosia/Desktop/VuMinhHieu_InternRubyHaNoi/finall_project/app/helpers/application_helper.rb": {
        "lines": [
          null,
          null,
          null,
          1,
          1,
          25,
          25,
          16,
          null,
          9,
          null,
          null,
          null
        ]
      },
      "/home/tomosia/Desktop/VuMinhHieu_InternRubyHaNoi/finall_project/app/helpers/comment_helper.rb": {
        "lines": [
          null,
          null,
          null,
          1,
          null
        ]
      },
      "/home/tomosia/Desktop/VuMinhHieu_InternRubyHaNoi/finall_project/app/helpers/my_page_helper.rb": {
        "lines": [
          null,
          null,
          null,
          1,
          1,
          6,
          null,
          6,
          null,
          null,
          1,
          6,
          null,
          6,
          null,
          null,
          1,
          8,
          null,
          0,
          0,
          null,
          0,
          null,
          null,
          null
        ]
      },
      "/home/tomosia/Desktop/VuMinhHieu_InternRubyHaNoi/finall_project/app/helpers/session_helper.rb": {
        "lines": [
          null,
          null,
          null,
          1,
          1,
          19,
          null,
          null,
          null,
          1,
          2,
          2,
          2,
          null,
          null,
          null,
          1,
          0,
          0,
          0,
          null,
          null,
          null,
          1,
          111,
          61,
          50,
          0,
          0,
          0,
          0,
          null,
          null,
          null,
          null,
          1,
          77,
          null,
          null,
          1,
          0,
          0,
          0,
          null,
          null,
          null,
          1,
          1,
          null,
          null
        ]
      },
      "/home/tomosia/Desktop/VuMinhHieu_InternRubyHaNoi/finall_project/app/helpers/thanks_card_helper.rb": {
        "lines": [
          null,
          null,
          null,
          1,
          1,
          3,
          null,
          1,
          1,
          null,
          null,
          1,
          5,
          null,
          5,
          5,
          5,
          null,
          null,
          1,
          2,
          null,
          2,
          2,
          null,
          null,
          1,
          2,
          2,
          null,
          0,
          null,
          null,
          1,
          2,
          null,
          0,
          0,
          0,
          null,
          null,
          0,
          null,
          0,
          null,
          0,
          0,
          null,
          null,
          1,
          2,
          null,
          0,
          0,
          0,
          null,
          null,
          1,
          0,
          0,
          0,
          0,
          null,
          null,
          null
        ]
      },
      "/home/tomosia/Desktop/VuMinhHieu_InternRubyHaNoi/finall_project/app/helpers/user_helper.rb": {
        "lines": [
          null,
          null,
          null,
          1,
          1,
          8,
          8,
          null,
          0,
          null,
          null,
          null,
          1,
          0,
          0,
          null,
          0,
          null,
          null,
          null,
          1,
          9,
          9,
          null,
          0,
          null,
          null,
          null
        ]
      },
      "/home/tomosia/Desktop/VuMinhHieu_InternRubyHaNoi/finall_project/app/helpers/users_receiver_helper.rb": {
        "lines": [
          null,
          null,
          null,
          1,
          null
        ]
      },
      "/home/tomosia/Desktop/VuMinhHieu_InternRubyHaNoi/finall_project/spec/support/authentication_helper.rb": {
        "lines": [
          1,
          null
        ]
      },
      "/home/tomosia/Desktop/VuMinhHieu_InternRubyHaNoi/finall_project/app/models/category.rb": {
        "lines": [
          null,
          null,
          null,
          1,
          1,
          null
        ]
      },
      "/home/tomosia/Desktop/VuMinhHieu_InternRubyHaNoi/finall_project/app/models/application_record.rb": {
        "lines": [
          null,
          null,
          null,
          1,
          1,
          null
        ]
      },
      "/home/tomosia/Desktop/VuMinhHieu_InternRubyHaNoi/finall_project/spec/models/comment_spec.rb": {
        "lines": [
          null,
          null,
          1,
          null,
          1,
          null,
          1,
          1,
          1,
          1,
          null,
          null,
          1,
          1,
          1,
          null,
          null,
          null
        ]
      },
      "/home/tomosia/Desktop/VuMinhHieu_InternRubyHaNoi/finall_project/app/models/comment.rb": {
        "lines": [
          null,
          null,
          null,
          1,
          1,
          1,
          null
        ]
      },
      "/home/tomosia/Desktop/VuMinhHieu_InternRubyHaNoi/finall_project/spec/models/thanks_card_spec.rb": {
        "lines": [
          null,
          null,
          1,
          null,
          1,
          null,
          1,
          1,
          1,
          1,
          null,
          null,
          1,
          1,
          1,
          null,
          null,
          1,
          1,
          1,
          null,
          null,
          1,
          1,
          1,
          null,
          null,
          1,
          1,
          1,
          null,
          null,
          null,
          null,
          1,
          1,
          1,
          null,
          null,
          null,
          null,
          null,
          1,
          1,
          null,
          null,
          null,
          null,
          null,
          null,
          1,
          null,
          null,
          null,
          null,
          1,
          1,
          1,
          null,
          null,
          null,
          null,
          null,
          1,
          1,
          null,
          null,
          null,
          null,
          null,
          null,
          1,
          1,
          1,
          1,
          null,
          null,
          null
        ]
      },
      "/home/tomosia/Desktop/VuMinhHieu_InternRubyHaNoi/finall_project/app/models/thanks_card.rb": {
        "lines": [
          null,
          null,
          null,
          1,
          1,
          1,
          1,
          1,
          1,
          1,
          1,
          1,
          1,
          1,
          null,
          1,
          5,
          null,
          3,
          3,
          0,
          null,
          null,
          null,
          1,
          1,
          null,
          1,
          1,
          1,
          1,
          1,
          1,
          null,
          null,
          null
        ]
      },
      "/home/tomosia/Desktop/VuMinhHieu_InternRubyHaNoi/finall_project/spec/models/user_spec.rb": {
        "lines": [
          null,
          null,
          1,
          null,
          1,
          null,
          1,
          1,
          1,
          null,
          null,
          null,
          null,
          null,
          1,
          null,
          null,
          1,
          1,
          1,
          1,
          null,
          null,
          null,
          null,
          1,
          1,
          1,
          1,
          null,
          null,
          1,
          1,
          1,
          null,
          null,
          1,
          1,
          1,
          null,
          null,
          null,
          null,
          1,
          1,
          1,
          null,
          null,
          null,
          null,
          null,
          1,
          1,
          null,
          null,
          null,
          1,
          1,
          1,
          null,
          null,
          null,
          null,
          null,
          1,
          1,
          1,
          null,
          null,
          null,
          null,
          1,
          1,
          1,
          null,
          null,
          null,
          null,
          null,
          1,
          null,
          null,
          1,
          1,
          null,
          null,
          null,
          null,
          null,
          1,
          null,
          null,
          null,
          null,
          1,
          1,
          1,
          null,
          null,
          null,
          null,
          null,
          1,
          null,
          null,
          null,
          null,
          null,
          1,
          1,
          1,
          null,
          null,
          null,
          null,
          1,
          1,
          1,
          null,
          null,
          null,
          null,
          null,
          null,
          1,
          1,
          1,
          null,
          1,
          1,
          null,
          1,
          1,
          null,
          null,
          null
        ]
      },
      "/home/tomosia/Desktop/VuMinhHieu_InternRubyHaNoi/finall_project/app/models/user.rb": {
        "lines": [
          null,
          null,
          null,
          1,
          1,
          1,
          1,
          1,
          1,
          null,
          1,
          1,
          1,
          null,
          1,
          1,
          1,
          null,
          null,
          null,
          1,
          null,
          null,
          1,
          52,
          null,
          null,
          null,
          1,
          52,
          52,
          null,
          null,
          null,
          1,
          2,
          2,
          null,
          null,
          null,
          1,
          3,
          null,
          null,
          null,
          1,
          3,
          3,
          null,
          3,
          null,
          null,
          null,
          1,
          0,
          null,
          null,
          null,
          1,
          4,
          null,
          null,
          1,
          null,
          1,
          52,
          null,
          null,
          null,
          1,
          50,
          50,
          null,
          null
        ]
      },
      "/home/tomosia/Desktop/VuMinhHieu_InternRubyHaNoi/finall_project/spec/models/users_receiver_spec.rb": {
        "lines": [
          null,
          null,
          1,
          null,
          1,
          null,
          1,
          1,
          1,
          1,
          null,
          null,
          1,
          1,
          1,
          null,
          null,
          null
        ]
      },
      "/home/tomosia/Desktop/VuMinhHieu_InternRubyHaNoi/finall_project/app/models/users_receiver.rb": {
        "lines": [
          null,
          null,
          null,
          1,
          1,
          1,
          null
        ]
      },
      "/home/tomosia/Desktop/VuMinhHieu_InternRubyHaNoi/finall_project/spec/requests/account_activations_spec.rb": {
        "lines": [
          1,
          null,
          1,
          4,
          3,
          4,
          null,
          1,
          1,
          2,
          2,
          null,
          null,
          1,
          1,
          null,
          null,
          1,
          1,
          null,
          null,
          null,
          1,
          1,
          1,
          1,
          null,
          null,
          1,
          1,
          null,
          null,
          null
        ]
      },
      "/home/tomosia/Desktop/VuMinhHieu_InternRubyHaNoi/finall_project/spec/requests/comment_spec.rb": {
        "lines": [
          1,
          null,
          null,
          1,
          2,
          2,
          2,
          2,
          null,
          1,
          1,
          null,
          null,
          1,
          1,
          1,
          1,
          1,
          2,
          null,
          1,
          1,
          null,
          null,
          null,
          null,
          null,
          1,
          2,
          2,
          2,
          null,
          1,
          1,
          null,
          null,
          1,
          1,
          1,
          1,
          null,
          null,
          null,
          null
        ]
      },
      "/home/tomosia/Desktop/VuMinhHieu_InternRubyHaNoi/finall_project/spec/requests/mypage_spec.rb": {
        "lines": [
          null,
          null,
          1,
          null,
          null,
          1,
          1,
          1,
          1,
          1,
          null,
          null,
          1,
          1,
          1,
          null,
          null,
          1,
          1,
          1,
          1,
          1,
          null,
          null,
          null,
          null,
          null,
          1,
          1,
          3,
          1,
          1,
          null,
          1,
          1,
          null,
          1,
          1,
          null,
          1,
          2,
          null,
          null,
          1,
          1,
          1,
          null,
          null,
          1,
          1,
          1,
          null,
          null,
          null,
          null,
          null,
          1,
          1,
          3,
          1,
          2,
          null,
          null,
          1,
          1,
          1,
          1,
          1,
          null,
          null,
          1,
          1,
          1,
          null,
          null,
          null,
          null,
          null,
          1,
          1,
          3,
          1,
          2,
          null,
          null,
          1,
          1,
          1,
          null,
          null,
          1,
          1,
          1,
          null,
          null,
          null,
          null,
          null,
          1,
          1,
          3,
          1,
          2,
          null,
          null,
          1,
          1,
          1,
          null,
          null,
          1,
          1,
          1,
          null,
          null,
          null,
          null,
          null,
          1,
          1,
          3,
          1,
          2,
          null,
          null,
          1,
          1,
          1,
          null,
          null,
          1,
          1,
          1,
          null,
          null,
          null,
          null,
          null,
          1,
          1,
          3,
          1,
          2,
          null,
          null,
          1,
          1,
          1,
          null,
          null,
          1,
          1,
          1,
          null,
          null,
          null
        ]
      },
      "/home/tomosia/Desktop/VuMinhHieu_InternRubyHaNoi/finall_project/spec/requests/session_spec.rb": {
        "lines": [
          1,
          null,
          1,
          null,
          1,
          4,
          null,
          1,
          1,
          1,
          1,
          null,
          null,
          1,
          1,
          1,
          1,
          1,
          1,
          null,
          null,
          1,
          1,
          1,
          1,
          1,
          null,
          null,
          null,
          null,
          null,
          1,
          null,
          1,
          3,
          null,
          1,
          1,
          2,
          null,
          null,
          1,
          1,
          null,
          null,
          1,
          1,
          null,
          null,
          null,
          null,
          null,
          1,
          null,
          1,
          1,
          1,
          1,
          1,
          1,
          null,
          null,
          null,
          null,
          1,
          1,
          1,
          null,
          null,
          1,
          1,
          1,
          1,
          1,
          null,
          null,
          null,
          1,
          1,
          1,
          1,
          1,
          1,
          1,
          null,
          null,
          1,
          1,
          1,
          1,
          1,
          null,
          null,
          1,
          1,
          1,
          1,
          1,
          null,
          null,
          null,
          null,
          null,
          1,
          1,
          1,
          null,
          1,
          1,
          1,
          1,
          null,
          null,
          null,
          null,
          1,
          null,
          1,
          1,
          1,
          null,
          1,
          null,
          null,
          1,
          1,
          null,
          null,
          null,
          1,
          1,
          1,
          null,
          null,
          1,
          1,
          null,
          null,
          null,
          null
        ]
      },
      "/home/tomosia/Desktop/VuMinhHieu_InternRubyHaNoi/finall_project/spec/requests/thanks_card_spec.rb": {
        "lines": [
          1,
          null,
          null,
          1,
          1,
          2,
          2,
          1,
          null,
          1,
          null,
          null,
          null,
          null,
          null,
          null,
          null,
          null,
          1,
          1,
          1,
          1,
          null,
          1,
          1,
          null,
          null,
          null,
          null,
          null,
          1,
          1,
          1,
          2,
          1,
          null,
          1,
          null,
          null,
          null,
          null,
          null,
          null,
          null,
          null,
          1,
          1,
          1,
          1,
          null,
          1,
          1,
          null,
          null,
          null,
          null,
          null,
          1,
          1,
          2,
          2,
          1,
          null,
          1,
          null,
          null,
          null,
          null,
          null,
          null,
          null,
          null,
          1,
          1,
          1,
          1,
          null,
          1,
          1,
          1,
          null,
          null,
          null,
          null,
          null,
          null,
          null,
          1,
          1,
          4,
          4,
          1,
          1,
          null,
          null,
          1,
          1,
          null,
          null,
          1,
          1,
          null,
          null,
          null,
          null,
          null,
          1,
          1,
          3,
          3,
          3,
          1,
          null,
          2,
          null,
          null,
          null,
          null,
          null,
          null,
          null,
          null,
          null,
          1,
          2,
          2,
          null,
          1,
          1,
          null,
          1,
          1,
          null,
          null,
          null,
          null,
          null,
          1,
          1,
          2,
          2,
          2,
          1,
          null,
          1,
          null,
          null,
          null,
          null,
          null,
          null,
          null,
          null,
          null,
          1,
          1,
          1,
          1,
          null,
          1,
          1,
          null,
          null,
          null,
          null,
          null,
          1,
          1,
          3,
          3,
          1,
          2,
          2,
          null,
          null,
          1,
          1,
          1,
          null,
          null,
          1,
          1,
          null,
          null,
          null
        ]
      },
      "/home/tomosia/Desktop/VuMinhHieu_InternRubyHaNoi/finall_project/spec/requests/user_spec.rb": {
        "lines": [
          null,
          null,
          1,
          null,
          1,
          null,
          1,
          1,
          1,
          null,
          null,
          null,
          1,
          1,
          1,
          null,
          null,
          null,
          1,
          1,
          1,
          1,
          null,
          2,
          null,
          null,
          null,
          null,
          null,
          null,
          null,
          null,
          1,
          2,
          null,
          null,
          1,
          1,
          null,
          null,
          1,
          1,
          null,
          null,
          null,
          null,
          null,
          null,
          1,
          null,
          1,
          1,
          null,
          2,
          null,
          null,
          null,
          null,
          null,
          null,
          null,
          null,
          null,
          1,
          2,
          null,
          null,
          1,
          1,
          1,
          null,
          null,
          null,
          null,
          null,
          1,
          1,
          null,
          2,
          null,
          null,
          null,
          null,
          null,
          null,
          null,
          null,
          1,
          2,
          null,
          1,
          1,
          1,
          1,
          null,
          null,
          null
        ]
      },
      "/home/tomosia/Desktop/VuMinhHieu_InternRubyHaNoi/finall_project/app/controllers/account_activations_controller.rb": {
        "lines": [
          null,
          null,
          null,
          1,
          1,
          3,
          3,
          2,
          2,
          2,
          null,
          1,
          null,
          3,
          null,
          null,
          1,
          null,
          1,
          3,
          null,
          null,
          1,
          3,
          null,
          null,
          1,
          2,
          null,
          null,
          1,
          2,
          null,
          null
        ]
      },
      "/home/tomosia/Desktop/VuMinhHieu_InternRubyHaNoi/finall_project/app/controllers/application_controller.rb": {
        "lines": [
          1,
          1,
          1,
          1,
          null
        ]
      },
      "/home/tomosia/Desktop/VuMinhHieu_InternRubyHaNoi/finall_project/app/controllers/session_controller.rb": {
        "lines": [
          null,
          null,
          null,
          1,
          1,
          null,
          1,
          null,
          1,
          24,
          24,
          18,
          17,
          null,
          1,
          null,
          null,
          6,
          null,
          null,
          null,
          1,
          2,
          2,
          null,
          null,
          1,
          null,
          1,
          1,
          1,
          1,
          1,
          null,
          null,
          1,
          6,
          6,
          null,
          null,
          1,
          19,
          null,
          null,
          1,
          2,
          null,
          null,
          1,
          17,
          17,
          17,
          null,
          null
        ]
      },
      "/home/tomosia/Desktop/VuMinhHieu_InternRubyHaNoi/finall_project/app/controllers/comment_controller.rb": {
        "lines": [
          null,
          null,
          null,
          1,
          1,
          1,
          1,
          1,
          1,
          1,
          null,
          0,
          0,
          null,
          null,
          null,
          1,
          0,
          0,
          0,
          null,
          null,
          1,
          1,
          null,
          null
        ]
      },
      "/home/tomosia/Desktop/VuMinhHieu_InternRubyHaNoi/finall_project/app/controllers/my_page_controller.rb": {
        "lines": [
          null,
          null,
          null,
          1,
          1,
          4,
          null,
          null,
          1,
          2,
          2,
          2,
          null,
          null,
          1,
          2,
          2,
          null,
          null,
          1,
          2,
          2,
          2,
          null,
          null,
          1,
          2,
          2,
          2,
          null,
          null,
          1,
          2,
          2,
          2,
          null,
          null,
          1,
          2,
          2,
          2,
          2,
          2,
          null,
          null
        ]
      },
      "/home/tomosia/Desktop/VuMinhHieu_InternRubyHaNoi/finall_project/app/controllers/thanks_card_controller.rb": {
        "lines": [
          null,
          null,
          null,
          1,
          1,
          null,
          1,
          null,
          1,
          2,
          2,
          2,
          null,
          2,
          1,
          1,
          null,
          1,
          null,
          null,
          null,
          1,
          3,
          3,
          null,
          null,
          1,
          0,
          0,
          null,
          null,
          1,
          3,
          3,
          3,
          3,
          2,
          null,
          1,
          null,
          3,
          null,
          null,
          1,
          2,
          2,
          2,
          null,
          null,
          1,
          null,
          1,
          5,
          null,
          null,
          null,
          1,
          1,
          1,
          1,
          null,
          null,
          null,
          1,
          2,
          1,
          1,
          1,
          1,
          1,
          null,
          1,
          null,
          null,
          null,
          1,
          1,
          null,
          0,
          0,
          null,
          null,
          null,
          null,
          1,
          3,
          2,
          2,
          null,
          1,
          null,
          null
        ]
      },
      "/home/tomosia/Desktop/VuMinhHieu_InternRubyHaNoi/finall_project/app/controllers/user_controller.rb": {
        "lines": [
          null,
          null,
          null,
          1,
          1,
          2,
          null,
          null,
          1,
          4,
          4,
          4,
          4,
          4,
          null,
          0,
          null,
          null,
          null,
          1,
          null,
          1,
          4,
          null,
          null
        ]
      },
      "/home/tomosia/Desktop/VuMinhHieu_InternRubyHaNoi/finall_project/app/mailers/user_mailer.rb": {
        "lines": [
          1,
          null,
          null,
          null,
          null,
          null,
          null,
          1,
          4,
          null,
          4,
          null,
          null,
          null,
          null,
          null,
          null,
          null,
          1,
          0,
          null,
          0,
          null,
          null
        ]
      },
      "/home/tomosia/Desktop/VuMinhHieu_InternRubyHaNoi/finall_project/app/mailers/application_mailer.rb": {
        "lines": [
          1,
          1,
          1,
          null
        ]
      }
    },
    "timestamp": 1683283940
  }
}
